<?xml version="1.0" encoding="UTF-8"?>
<!-- Generated by org.testng.reporters.JUnitReportReporter -->
<testsuite hostname="Chandu" failures="0" tests="6" name="com.ninjas.qa.tests.TestHomePage" time="2.104" errors="0" timestamp="2024-01-17T19:41:31 IST" skipped="0">
  <testcase classname="com.ninjas.qa.tests.TestHomePage" name="test_homepagegettitle" time="0.013"/>
  <system-out/>
  <testcase classname="com.ninjas.qa.tests.TestHomePage" name="test_ClickonMyAccount" time="0.071"/>
  <system-out/>
  <testcase classname="com.ninjas.qa.tests.TestHomePage" name="test_ClickonLogin" time="0.187"/>
  <system-out/>
  <testcase classname="com.ninjas.qa.tests.TestHomePage" name="test_ClickonRegister" time="1.385"/>
  <system-out/>
  <testcase classname="com.ninjas.qa.tests.TestHomePage" name="test_ClickonWishlist" time="0.263"/>
  <system-out/>
  <testcase classname="com.ninjas.qa.tests.TestHomePage" name="test_ClickonShoppingcart" time="0.185"/>
  <system-out/>
</testsuite> <!-- com.ninjas.qa.tests.TestHomePage -->
