<?xml version="1.0" encoding="UTF-8"?>
<!-- Generated by org.testng.reporters.JUnitReportReporter -->
<testsuite hostname="Chandu" failures="0" tests="3" name="eccomerceApplication.TestProductDetails" time="0.013" errors="0" timestamp="2024-01-19T17:13:52 IST" skipped="0">
  <testcase classname="eccomerceApplication.TestProductDetails" name="findProductdetails" time="0.009"/>
  <system-out/>
  <testcase classname="eccomerceApplication.TestProductDetails" name="findproductdetailswithEmptyInput" time="0.002"/>
  <system-out/>
  <testcase classname="eccomerceApplication.TestProductDetails" name="invalidproductdetails" time="0.002"/>
  <system-out/>
</testsuite> <!-- eccomerceApplication.TestProductDetails -->
