<?xml version="1.0" encoding="UTF-8"?>
<!-- Generated by org.testng.reporters.JUnitReportReporter -->
<testsuite hostname="Chandu" failures="0" tests="2" name="starHealthScenario2.StarHealthLinkTest" time="1.985" errors="0" timestamp="2024-02-01T17:08:09 IST" skipped="0">
  <testcase classname="starHealthScenario2.StarHealthLinkTest" name="click_onPlans" time="1.810"/>
  <system-out/>
  <testcase classname="starHealthScenario2.StarHealthLinkTest" name="click_on_option" time="0.175"/>
  <system-out/>
</testsuite> <!-- starHealthScenario2.StarHealthLinkTest -->
