<?xml version="1.0" encoding="UTF-8"?>
<!-- Generated by org.testng.reporters.JUnitReportReporter -->
<testsuite hostname="Chandu" failures="0" tests="3" name="starHealthScenario2.StarHealthTest" time="3.106" errors="0" timestamp="2024-02-01T17:08:09 IST" skipped="0">
  <testcase classname="starHealthScenario2.StarHealthTest" name="validateAltValueofLogo" time="0.072"/>
  <system-out/>
  <testcase classname="starHealthScenario2.StarHealthTest" name="clickOnMyFamily" time="2.589"/>
  <system-out/>
  <testcase classname="starHealthScenario2.StarHealthTest" name="enter_user_details" time="0.445"/>
  <system-out/>
</testsuite> <!-- starHealthScenario2.StarHealthTest -->
