<?xml version="1.0" encoding="UTF-8"?>
<!-- Generated by org.testng.reporters.JUnitReportReporter -->
<testsuite hostname="Chandu" failures="0" tests="3" name="com.qa.sportyshoes.Tests.LoginTestPage" time="3.467" errors="0" timestamp="2024-02-22T12:21:39 IST" skipped="0">
  <testcase classname="com.qa.sportyshoes.Tests.LoginTestPage" name="start_browser" time="2.217"/>
  <system-out/>
  <testcase classname="com.qa.sportyshoes.Tests.LoginTestPage" name="test_user_login" time="1.242"/>
  <system-out/>
  <testcase classname="com.qa.sportyshoes.Tests.LoginTestPage" name="test_validate_loginPage_url" time="0.008"/>
  <system-out/>
</testsuite> <!-- com.qa.sportyshoes.Tests.LoginTestPage -->
