<?xml version="1.0" encoding="UTF-8"?>
<!-- Generated by org.testng.reporters.JUnitReportReporter -->
<testsuite hostname="Chandu" failures="0" tests="3" name="com.qa.sportyshoes.Tests.RegisterPageTest" time="2.079" errors="0" timestamp="2024-02-22T12:23:08 IST" skipped="0">
  <testcase classname="com.qa.sportyshoes.Tests.RegisterPageTest" name="test_click_registerLink" time="1.602"/>
  <system-out/>
  <testcase classname="com.qa.sportyshoes.Tests.RegisterPageTest" name="test_register_user" time="0.465"/>
  <system-out/>
  <testcase classname="com.qa.sportyshoes.Tests.RegisterPageTest" name="test_newUser_url" time="0.012"/>
  <system-out/>
</testsuite> <!-- com.qa.sportyshoes.Tests.RegisterPageTest -->
