<?xml version="1.0" encoding="UTF-8"?>
<!-- Generated by org.testng.reporters.JUnitReportReporter -->
<testsuite hostname="Chandu" failures="0" tests="7" name="com.qa.sportyshoes.Tests.ProductsPageTest" time="8.093" errors="0" timestamp="2024-02-22T12:25:02 IST" skipped="0">
  <testcase classname="com.qa.sportyshoes.Tests.ProductsPageTest" name="test_user_login" time="1.390"/>
  <system-out/>
  <testcase classname="com.qa.sportyshoes.Tests.ProductsPageTest" name="test_product_addtoCart" time="1.068"/>
  <system-out/>
  <testcase classname="com.qa.sportyshoes.Tests.ProductsPageTest" name="test_HomeBTN" time="1.168"/>
  <system-out/>
  <testcase classname="com.qa.sportyshoes.Tests.ProductsPageTest" name="test_CartBTN" time="1.089"/>
  <system-out/>
  <testcase classname="com.qa.sportyshoes.Tests.ProductsPageTest" name="test_placeorderBTN" time="1.071"/>
  <system-out/>
  <testcase classname="com.qa.sportyshoes.Tests.ProductsPageTest" name="test_orders" time="1.209"/>
  <system-out/>
  <testcase classname="com.qa.sportyshoes.Tests.ProductsPageTest" name="test_logout" time="1.098"/>
  <system-out/>
</testsuite> <!-- com.qa.sportyshoes.Tests.ProductsPageTest -->
