<?xml version="1.0" encoding="UTF-8"?>
<!-- Generated by org.testng.reporters.JUnitReportReporter -->
<testsuite hostname="Chandu" failures="0" tests="3" name="com.qa.sportyshoes.Tests.HomePageTest" time="4.580" errors="0" timestamp="2024-02-22T12:18:03 IST" skipped="0">
  <testcase classname="com.qa.sportyshoes.Tests.HomePageTest" name="start_browser" time="3.891"/>
  <system-out/>
  <testcase classname="com.qa.sportyshoes.Tests.HomePageTest" name="test_registerlink_method" time="0.680"/>
  <system-out/>
  <testcase classname="com.qa.sportyshoes.Tests.HomePageTest" name="test_getURL_method" time="0.009"/>
  <system-out/>
</testsuite> <!-- com.qa.sportyshoes.Tests.HomePageTest -->
