<?xml version="1.0" encoding="UTF-8"?>
<!-- Generated by org.testng.reporters.JUnitReportReporter -->
<testsuite hostname="Chandu" failures="0" tests="1" name="eLearningProject.TestELearning" time="11.057" errors="0" timestamp="2024-01-19T17:15:20 IST" skipped="0">
  <testcase classname="eLearningProject.TestELearning" name="testelearning" time="11.057"/>
  <system-out/>
</testsuite> <!-- eLearningProject.TestELearning -->
