<?xml version="1.0" encoding="UTF-8"?>
<!-- Generated by org.testng.reporters.JUnitReportReporter -->
<testsuite hostname="Chandu" failures="0" tests="1" name="assignments.Assignment005" time="3.091" errors="0" timestamp="2024-02-20T16:36:14 IST" skipped="0">
  <testcase classname="assignments.Assignment005" name="assignment005_Status" time="3.091"/>
  <system-out/>
</testsuite> <!-- assignments.Assignment005 -->
