<?xml version="1.0" encoding="UTF-8"?>
<!-- Generated by org.testng.reporters.JUnitReportReporter -->
<testsuite hostname="Chandu" failures="0" tests="1" name="assignments.Assignment003" time="2.779" errors="0" timestamp="2024-02-20T16:35:12 IST" skipped="0">
  <testcase classname="assignments.Assignment003" name="assignment003" time="2.779"/>
  <system-out/>
</testsuite> <!-- assignments.Assignment003 -->
