<?xml version="1.0" encoding="UTF-8"?>
<!-- Generated by org.testng.reporters.JUnitReportReporter -->
<testsuite hostname="Chandu" failures="0" tests="1" name="assignments.Assignment002" time="2.651" errors="0" timestamp="2024-02-20T16:33:39 IST" skipped="0">
  <testcase classname="assignments.Assignment002" name="putRequest" time="2.651"/>
  <system-out/>
</testsuite> <!-- assignments.Assignment002 -->
