<?xml version="1.0" encoding="UTF-8"?>
<!-- Generated by org.testng.reporters.JUnitReportReporter -->
<testsuite hostname="Chandu" failures="0" tests="1" name="assignment001.Assignment002" time="2.455" errors="0" timestamp="2024-02-20T15:06:53 IST" skipped="0">
  <testcase classname="assignment001.Assignment002" name="putRequest" time="2.455"/>
  <system-out/>
</testsuite> <!-- assignment001.Assignment002 -->
