<?xml version="1.0" encoding="UTF-8"?>
<!-- Generated by org.testng.reporters.JUnitReportReporter -->
<testsuite hostname="Chandu" failures="0" tests="3" name="assignments.Assignment001" time="4.965" errors="0" timestamp="2024-02-20T16:32:23 IST" skipped="0">
  <testcase classname="assignments.Assignment001" name="postRequest" time="2.652"/>
  <system-out/>
  <testcase classname="assignments.Assignment001" name="getRequest" time="1.177"/>
  <system-out/>
  <testcase classname="assignments.Assignment001" name="deleteRequest" time="1.136"/>
  <system-out/>
</testsuite> <!-- assignments.Assignment001 -->
