<?xml version="1.0" encoding="UTF-8"?>
<!-- Generated by org.testng.reporters.JUnitReportReporter -->
<testsuite hostname="Chandu" failures="0" tests="1" name="assignments.Assignment006" time="2.555" errors="0" timestamp="2024-02-20T16:37:13 IST" skipped="0">
  <testcase classname="assignments.Assignment006" name="assignment006" time="2.555"/>
  <system-out/>
</testsuite> <!-- assignments.Assignment006 -->
