<?xml version="1.0" encoding="UTF-8"?>
<!-- Generated by org.testng.reporters.JUnitReportReporter -->
<testsuite hostname="Chandu" failures="0" tests="20" name="assignment001.Assignment001" time="24.244" errors="0" timestamp="2024-02-20T14:21:15 IST" skipped="0">
  <testcase classname="assignment001.Assignment001" name="postRequest" time="1.145"/>
  <system-out/>
  <testcase classname="assignment001.Assignment001" name="postRequest" time="1.123"/>
  <system-out/>
  <testcase classname="assignment001.Assignment001" name="postRequest" time="1.146"/>
  <system-out/>
  <testcase classname="assignment001.Assignment001" name="postRequest" time="1.122"/>
  <system-out/>
  <testcase classname="assignment001.Assignment001" name="postRequest" time="1.159"/>
  <system-out/>
  <testcase classname="assignment001.Assignment001" name="postRequest" time="1.159"/>
  <system-out/>
  <testcase classname="assignment001.Assignment001" name="postRequest" time="2.568"/>
  <system-out/>
  <testcase classname="assignment001.Assignment001" name="postRequest" time="1.171"/>
  <system-out/>
  <testcase classname="assignment001.Assignment001" name="postRequest" time="1.143"/>
  <system-out/>
  <testcase classname="assignment001.Assignment001" name="postRequest" time="1.154"/>
  <system-out/>
  <testcase classname="assignment001.Assignment001" name="postRequest" time="1.151"/>
  <system-out/>
  <testcase classname="assignment001.Assignment001" name="postRequest" time="1.109"/>
  <system-out/>
  <testcase classname="assignment001.Assignment001" name="postRequest" time="1.134"/>
  <system-out/>
  <testcase classname="assignment001.Assignment001" name="postRequest" time="1.104"/>
  <system-out/>
  <testcase classname="assignment001.Assignment001" name="postRequest" time="1.115"/>
  <system-out/>
  <testcase classname="assignment001.Assignment001" name="postRequest" time="1.116"/>
  <system-out/>
  <testcase classname="assignment001.Assignment001" name="postRequest" time="1.196"/>
  <system-out/>
  <testcase classname="assignment001.Assignment001" name="postRequest" time="1.159"/>
  <system-out/>
  <testcase classname="assignment001.Assignment001" name="postRequest" time="1.137"/>
  <system-out/>
  <testcase classname="assignment001.Assignment001" name="postRequest" time="1.133"/>
  <system-out/>
</testsuite> <!-- assignment001.Assignment001 -->
