<?xml version="1.0" encoding="UTF-8"?>
<!-- Generated by org.testng.reporters.JUnitReportReporter -->
<testsuite hostname="Chandu" failures="0" tests="1" name="assignments.Assignment004" time="2.648" errors="0" timestamp="2024-02-20T16:35:37 IST" skipped="0">
  <testcase classname="assignments.Assignment004" name="assignment004" time="2.648"/>
  <system-out/>
</testsuite> <!-- assignments.Assignment004 -->
