<?xml version="1.0" encoding="UTF-8"?>
<!-- Generated by org.testng.reporters.JUnitReportReporter -->
<testsuite hostname="Chandu" failures="0" tests="1" name="com.ninjas.qa.tests.TestProductPage" time="6.147" errors="0" timestamp="2024-01-17T19:41:31 IST" skipped="0">
  <testcase classname="com.ninjas.qa.tests.TestProductPage" name="addproducttoCartTest" time="6.147"/>
  <system-out/>
</testsuite> <!-- com.ninjas.qa.tests.TestProductPage -->
