<?xml version="1.0" encoding="UTF-8"?>
<!-- Generated by org.testng.reporters.JUnitReportReporter -->
<testsuite hostname="Chandu" failures="0" tests="9" name="com.ninjas.qa.tests.TestRegisterPage" time="19.170" errors="0" timestamp="2024-01-17T19:41:31 IST" skipped="0">
  <testcase classname="com.ninjas.qa.tests.TestRegisterPage" name="register_user" time="1.997"/>
  <system-out/>
  <testcase classname="com.ninjas.qa.tests.TestRegisterPage" name="register_user" time="2.049"/>
  <system-out/>
  <testcase classname="com.ninjas.qa.tests.TestRegisterPage" name="register_user" time="2.180"/>
  <system-out/>
  <testcase classname="com.ninjas.qa.tests.TestRegisterPage" name="register_user" time="2.164"/>
  <system-out/>
  <testcase classname="com.ninjas.qa.tests.TestRegisterPage" name="register_user" time="2.239"/>
  <system-out/>
  <testcase classname="com.ninjas.qa.tests.TestRegisterPage" name="register_user" time="2.068"/>
  <system-out/>
  <testcase classname="com.ninjas.qa.tests.TestRegisterPage" name="register_user" time="2.134"/>
  <system-out/>
  <testcase classname="com.ninjas.qa.tests.TestRegisterPage" name="register_user" time="2.181"/>
  <system-out/>
  <testcase classname="com.ninjas.qa.tests.TestRegisterPage" name="register_user" time="2.158"/>
  <system-out/>
</testsuite> <!-- com.ninjas.qa.tests.TestRegisterPage -->
